<?xml version="1.0" encoding="UTF-8"?>
<!-- Generated by org.testng.reporters.JUnitXMLReporter -->
<testsuite ignored="6" hostname="DESKTOP-5D97ORV" failures="0" tests="1" name="Default test" time="4.659" errors="0" timestamp="2022-05-12T11:15:10 ICT">
  <testcase classname="testAPI.Automation.APITest" name="user_input_mathematic_operator_in_count" time="4.469"/>
  <testcase classname="testAPI.Automation.APITest" name="negativegetStatus" time="0.0">
    <ignored/>
  </testcase> <!-- negativegetStatus -->
  <testcase classname="testAPI.Automation.APITest" name="negativetestLoginAPI" time="0.0">
    <ignored/>
  </testcase> <!-- negativetestLoginAPI -->
  <testcase classname="testAPI.Automation.APITest" name="getStatus" time="0.0">
    <ignored/>
  </testcase> <!-- getStatus -->
  <testcase classname="testAPI.Automation.APITest" name="positivekolakup" time="0.0">
    <ignored/>
  </testcase> <!-- positivekolakup -->
  <testcase classname="testAPI.Automation.APITest" name="testLoginAPI" time="0.0">
    <ignored/>
  </testcase> <!-- testLoginAPI -->
  <testcase classname="testAPI.Automation.APITest" name="negativetestKolakUP" time="0.0">
    <ignored/>
  </testcase> <!-- negativetestKolakUP -->
</testsuite> <!-- Default test -->
