<?xml version="1.0" encoding="UTF-8"?>
<testng-results ignored="6" total="7" passed="1" failed="0" skipped="0">
  <reporter-output>
  </reporter-output>
  <suite started-at="2022-05-12T11:15:05 ICT" name="Default suite" finished-at="2022-05-12T11:15:10 ICT" duration-ms="4659">
    <groups>
    </groups>
    <test started-at="2022-05-12T11:15:05 ICT" name="Default test" finished-at="2022-05-12T11:15:10 ICT" duration-ms="4659">
      <class name="testAPI.Automation.APITest">
        <test-method signature="user_input_mathematic_operator_in_count()[pri:0, instance:testAPI.Automation.APITest@8e50104]" started-at="2022-05-12T11:15:06 ICT" name="user_input_mathematic_operator_in_count" finished-at="2022-05-12T11:15:10 ICT" duration-ms="4469" status="PASS">
          <reporter-output>
          </reporter-output>
        </test-method> <!-- user_input_mathematic_operator_in_count -->
      </class> <!-- testAPI.Automation.APITest -->
    </test> <!-- Default test -->
  </suite> <!-- Default suite -->
</testng-results>
